<?xml version="1.0" encoding="UTF-8"?>
<testng-results skipped="0" failed="1" total="2" passed="1">
  <reporter-output>
  </reporter-output>
  <suite name="Default suite" duration-ms="2158" started-at="2019-07-23T10:35:03Z" finished-at="2019-07-23T10:35:05Z">
    <groups>
    </groups>
    <test name="Default test" duration-ms="2158" started-at="2019-07-23T10:35:03Z" finished-at="2019-07-23T10:35:05Z">
      <class name="selenium_Interview_Question.AlwaysRun">
        <test-method status="FAIL" signature="keyON()[pri:0, instance:selenium_Interview_Question.AlwaysRun@2fc14f68]" name="keyON" duration-ms="2095" started-at="2019-07-23T16:05:03Z" finished-at="2019-07-23T16:05:05Z">
          <exception class="org.testng.internal.thread.ThreadTimeoutException">
            <message>
              <![CDATA[Method org.testng.internal.TestNGMethod.keyON() didn't finish within the time-out 2000]]>
            </message>
            <full-stacktrace>
              <![CDATA[org.testng.internal.thread.ThreadTimeoutException: Method org.testng.internal.TestNGMethod.keyON() didn't finish within the time-out 2000
	at org.testng.internal.InvokeMethodRunnable.runOne(InvokeMethodRunnable.java:61)
	at org.testng.internal.InvokeMethodRunnable.run(InvokeMethodRunnable.java:44)
	at java.util.concurrent.Executors$RunnableAdapter.call(Unknown Source)
	at java.util.concurrent.FutureTask.run(Unknown Source)
	at java.util.concurrent.ThreadPoolExecutor.runWorker(Unknown Source)
	at java.util.concurrent.ThreadPoolExecutor$Worker.run(Unknown Source)
	at java.lang.Thread.run(Unknown Source)
]]>
            </full-stacktrace>
          </exception> <!-- org.testng.internal.thread.ThreadTimeoutException -->
          <reporter-output>
          </reporter-output>
        </test-method> <!-- keyON -->
        <test-method status="PASS" signature="engineON()[pri:0, instance:selenium_Interview_Question.AlwaysRun@2fc14f68]" name="engineON" duration-ms="0" started-at="2019-07-23T16:05:05Z" depends-on-methods="selenium_Interview_Question.AlwaysRun.keyON" finished-at="2019-07-23T16:05:05Z">
          <reporter-output>
          </reporter-output>
        </test-method> <!-- engineON -->
      </class> <!-- selenium_Interview_Question.AlwaysRun -->
    </test> <!-- Default test -->
  </suite> <!-- Default suite -->
</testng-results>
