<?xml version="1.0" encoding="UTF-8"?>
<testng-results skipped="0" failed="1" total="1" passed="0">
  <reporter-output>
  </reporter-output>
  <suite name="Default suite" duration-ms="2218" started-at="2020-09-28T15:51:10Z" finished-at="2020-09-28T15:51:12Z">
    <groups>
    </groups>
    <test name="Default test" duration-ms="2218" started-at="2020-09-28T15:51:10Z" finished-at="2020-09-28T15:51:12Z">
      <class name="selenium_Interview_Question.TimeOut_TestNG">
        <test-method status="FAIL" signature="timeOut()[pri:0, instance:selenium_Interview_Question.TimeOut_TestNG@66048bfd]" name="timeOut" duration-ms="2145" started-at="2020-09-28T21:21:10Z" finished-at="2020-09-28T21:21:12Z">
          <exception class="org.testng.internal.thread.ThreadTimeoutException">
            <message>
              <![CDATA[Method org.testng.internal.TestNGMethod.timeOut() didn't finish within the time-out 2000]]>
            </message>
            <full-stacktrace>
              <![CDATA[org.testng.internal.thread.ThreadTimeoutException: Method org.testng.internal.TestNGMethod.timeOut() didn't finish within the time-out 2000
	at java.lang.Thread.interrupt(Thread.java:919)
	at org.testng.internal.InvokeMethodRunnable.runOne(InvokeMethodRunnable.java:64)
	at org.testng.internal.InvokeMethodRunnable.run(InvokeMethodRunnable.java:44)
	at java.util.concurrent.Executors$RunnableAdapter.call(Executors.java:511)
	at java.util.concurrent.FutureTask.run(FutureTask.java:266)
	at java.util.concurrent.ThreadPoolExecutor.runWorker(ThreadPoolExecutor.java:1149)
	at java.util.concurrent.ThreadPoolExecutor$Worker.run(ThreadPoolExecutor.java:624)
	at java.lang.Thread.run(Thread.java:748)
]]>
            </full-stacktrace>
          </exception> <!-- org.testng.internal.thread.ThreadTimeoutException -->
          <reporter-output>
          </reporter-output>
        </test-method> <!-- timeOut -->
      </class> <!-- selenium_Interview_Question.TimeOut_TestNG -->
    </test> <!-- Default test -->
  </suite> <!-- Default suite -->
</testng-results>
