<?xml version="1.0" encoding="UTF-8"?>
<!-- Generated by org.testng.reporters.JUnitXMLReporter -->
<testsuite hostname="BLR1-LTBPKSX52" name="Default test" tests="2" failures="1" timestamp="23 Jul 2019 10:35:05 GMT" time="2.158" errors="0">
  <testcase name="keyON" time="2.095" classname="selenium_Interview_Question.AlwaysRun">
    <failure type="org.testng.internal.thread.ThreadTimeoutException" message="Method org.testng.internal.TestNGMethod.keyON() didn&amp;apos;t finish within the time-out 2000">
      <![CDATA[org.testng.internal.thread.ThreadTimeoutException: Method org.testng.internal.TestNGMethod.keyON() didn't finish within the time-out 2000
	at org.testng.internal.InvokeMethodRunnable.runOne(InvokeMethodRunnable.java:61)
	at org.testng.internal.InvokeMethodRunnable.run(InvokeMethodRunnable.java:44)
	at java.util.concurrent.Executors$RunnableAdapter.call(Unknown Source)
	at java.util.concurrent.FutureTask.run(Unknown Source)
	at java.util.concurrent.ThreadPoolExecutor.runWorker(Unknown Source)
	at java.util.concurrent.ThreadPoolExecutor$Worker.run(Unknown Source)
	at java.lang.Thread.run(Unknown Source)
]]>
    </failure>
  </testcase> <!-- keyON -->
  <testcase name="engineON" time="0.0" classname="selenium_Interview_Question.AlwaysRun"/>
</testsuite> <!-- Default test -->
